2023-11-26 11:57:45,055 INFO org.apache.juli.logging.DirectJDKLog [http-nio-9082-exec-1] Initializing Spring DispatcherServlet 'dispatcherServlet'
2023-11-26 11:57:45,057 INFO org.springframework.web.servlet.FrameworkServlet [http-nio-9082-exec-1] Initializing Servlet 'dispatcherServlet'
2023-11-26 11:57:45,059 INFO org.springframework.web.servlet.FrameworkServlet [http-nio-9082-exec-1] Completed initialization in 2 ms
2023-11-26 12:04:26,336 INFO org.springframework.orm.jpa.AbstractEntityManagerFactoryBean [SpringApplicationShutdownHook] Closing JPA EntityManagerFactory for persistence unit 'default'
2023-11-26 12:04:26,340 INFO com.zaxxer.hikari.HikariDataSource [SpringApplicationShutdownHook] HikariPool-1 - Shutdown initiated...
2023-11-26 12:04:26,350 INFO com.zaxxer.hikari.HikariDataSource [SpringApplicationShutdownHook] HikariPool-1 - Shutdown completed.
2023-11-26 12:04:29,657 INFO org.hibernate.validator.internal.util.Version [background-preinit] HV000001: Hibernate Validator 8.0.1.Final
2023-11-26 12:04:29,698 INFO org.springframework.boot.StartupInfoLogger [restartedMain] Starting VentasDeCualquierTipoApplication using Java 17.0.7 with PID 15080 (C:\Users\M_MAQUETACION_WEB\Desktop\ventas-de-cualquier-tipo\target\classes started by M_MAQUETACION_WEB in C:\Users\M_MAQUETACION_WEB\Desktop\ventas-de-cualquier-tipo)
2023-11-26 12:04:29,699 INFO org.springframework.boot.SpringApplication [restartedMain] No active profile set, falling back to 1 default profile: "default"
2023-11-26 12:04:29,749 INFO org.springframework.boot.logging.DeferredLog [restartedMain] Devtools property defaults active! Set 'spring.devtools.add-properties' to 'false' to disable
2023-11-26 12:04:29,750 INFO org.springframework.boot.logging.DeferredLog [restartedMain] For additional web related logging consider setting the 'logging.level.web' property to 'DEBUG'
2023-11-26 12:04:30,443 INFO org.springframework.data.repository.config.RepositoryConfigurationDelegate [restartedMain] Bootstrapping Spring Data JPA repositories in DEFAULT mode.
2023-11-26 12:04:30,472 INFO org.springframework.data.repository.config.RepositoryConfigurationDelegate [restartedMain] Finished Spring Data repository scanning in 16 ms. Found 0 JPA repository interfaces.
2023-11-26 12:04:31,188 INFO org.springframework.boot.web.embedded.tomcat.TomcatWebServer [restartedMain] Tomcat initialized with port(s): 9082 (http)
2023-11-26 12:04:31,196 INFO org.apache.juli.logging.DirectJDKLog [restartedMain] Initializing ProtocolHandler ["http-nio-9082"]
2023-11-26 12:04:31,199 INFO org.apache.juli.logging.DirectJDKLog [restartedMain] Starting service [Tomcat]
2023-11-26 12:04:31,199 INFO org.apache.juli.logging.DirectJDKLog [restartedMain] Starting Servlet engine: [Apache Tomcat/10.1.13]
2023-11-26 12:04:31,281 INFO org.apache.juli.logging.DirectJDKLog [restartedMain] Initializing Spring embedded WebApplicationContext
2023-11-26 12:04:31,282 INFO org.springframework.boot.web.servlet.context.ServletWebServerApplicationContext [restartedMain] Root WebApplicationContext: initialization completed in 1531 ms
2023-11-26 12:04:31,455 INFO org.hibernate.jpa.internal.util.LogHelper [restartedMain] HHH000204: Processing PersistenceUnitInfo [name: default]
2023-11-26 12:04:31,516 INFO org.hibernate.Version [restartedMain] HHH000412: Hibernate ORM core version 6.2.9.Final
2023-11-26 12:04:31,519 INFO org.hibernate.cfg.Environment [restartedMain] HHH000406: Using bytecode reflection optimizer
2023-11-26 12:04:31,679 INFO org.hibernate.bytecode.internal.BytecodeProviderInitiator [restartedMain] HHH000021: Bytecode provider name : bytebuddy
2023-11-26 12:04:31,822 INFO org.springframework.orm.jpa.persistenceunit.SpringPersistenceUnitInfo [restartedMain] No LoadTimeWeaver setup: ignoring JPA class transformer
2023-11-26 12:04:31,840 INFO com.zaxxer.hikari.HikariDataSource [restartedMain] HikariPool-1 - Starting...
2023-11-26 12:04:32,012 INFO com.zaxxer.hikari.pool.HikariPool [restartedMain] HikariPool-1 - Added connection com.mysql.cj.jdbc.ConnectionImpl@465db9e6
2023-11-26 12:04:32,014 INFO com.zaxxer.hikari.HikariDataSource [restartedMain] HikariPool-1 - Start completed.
2023-11-26 12:04:32,170 INFO org.hibernate.bytecode.internal.BytecodeProviderInitiator [restartedMain] HHH000021: Bytecode provider name : bytebuddy
2023-11-26 12:04:32,393 INFO org.hibernate.engine.transaction.jta.platform.internal.JtaPlatformInitiator [restartedMain] HHH000490: Using JtaPlatform implementation: [org.hibernate.engine.transaction.jta.platform.internal.NoJtaPlatform]
2023-11-26 12:04:32,399 INFO org.springframework.orm.jpa.AbstractEntityManagerFactoryBean [restartedMain] Initialized JPA EntityManagerFactory for persistence unit 'default'
2023-11-26 12:04:32,451 WARN org.springframework.boot.autoconfigure.orm.jpa.JpaBaseConfiguration$JpaWebConfiguration [restartedMain] spring.jpa.open-in-view is enabled by default. Therefore, database queries may be performed during view rendering. Explicitly configure spring.jpa.open-in-view to disable this warning
2023-11-26 12:04:32,721 WARN org.springframework.boot.autoconfigure.thymeleaf.ThymeleafAutoConfiguration$DefaultTemplateResolverConfiguration [restartedMain] Cannot find template location: classpath:/templates/ (please add some templates, check your Thymeleaf configuration, or set spring.thymeleaf.check-template-location=false)
2023-11-26 12:04:32,820 INFO org.springframework.boot.devtools.autoconfigure.OptionalLiveReloadServer [restartedMain] LiveReload server is running on port 35729
2023-11-26 12:04:32,830 INFO org.apache.juli.logging.DirectJDKLog [restartedMain] Starting ProtocolHandler ["http-nio-9082"]
2023-11-26 12:04:32,852 INFO org.springframework.boot.web.embedded.tomcat.TomcatWebServer [restartedMain] Tomcat started on port(s): 9082 (http) with context path '/api/v2/db_ventas'
2023-11-26 12:04:32,860 INFO org.springframework.boot.StartupInfoLogger [restartedMain] Started VentasDeCualquierTipoApplication in 3.529 seconds (process running for 4.316)
2023-11-26 12:05:44,115 INFO org.apache.juli.logging.DirectJDKLog [http-nio-9082-exec-1] Initializing Spring DispatcherServlet 'dispatcherServlet'
2023-11-26 12:05:44,115 INFO org.springframework.web.servlet.FrameworkServlet [http-nio-9082-exec-1] Initializing Servlet 'dispatcherServlet'
2023-11-26 12:05:44,115 INFO org.springframework.web.servlet.FrameworkServlet [http-nio-9082-exec-1] Completed initialization in 0 ms
