2023-12-07 23:00:17,799 INFO org.hibernate.metamodel.internal.EmbeddableInstantiatorPojoStandard [restartedMain] HHH000182: No default (no-argument) constructor for class: com.ventas.springboot.modelo.entidades.entity.Material (class must be instantiated by Interceptor)
2023-12-07 23:00:18,235 INFO org.hibernate.engine.transaction.jta.platform.internal.JtaPlatformInitiator [restartedMain] HHH000490: Using JtaPlatform implementation: [org.hibernate.engine.transaction.jta.platform.internal.NoJtaPlatform]
2023-12-07 23:00:18,275 DEBUG org.hibernate.engine.jdbc.spi.SqlStatementLogger [restartedMain] alter table estantes drop foreign key FK_BODEGA_ID
2023-12-07 23:00:20,532 DEBUG org.hibernate.engine.jdbc.spi.SqlStatementLogger [restartedMain] alter table ropas drop foreign key FX_ALMACEN_ID
2023-12-07 23:00:20,616 DEBUG org.hibernate.engine.jdbc.spi.SqlStatementLogger [restartedMain] alter table ropas drop foreign key FK1fclji77u1e5ggrs4b1s8oea6
2023-12-07 23:00:21,045 DEBUG org.hibernate.engine.jdbc.spi.SqlStatementLogger [restartedMain] drop table if exists almacenes
2023-12-07 23:00:21,320 DEBUG org.hibernate.engine.jdbc.spi.SqlStatementLogger [restartedMain] drop table if exists estantes
2023-12-07 23:00:21,432 DEBUG org.hibernate.engine.jdbc.spi.SqlStatementLogger [restartedMain] drop table if exists productos
2023-12-07 23:00:21,543 DEBUG org.hibernate.engine.jdbc.spi.SqlStatementLogger [restartedMain] drop table if exists ropas
2023-12-07 23:00:21,625 DEBUG org.hibernate.engine.jdbc.spi.SqlStatementLogger [restartedMain] create table almacenes (bloque_de_estantes integer, id integer not null auto_increment, fecha_entrada datetime(6), fecha_salida datetime(6), numero_del_estante varchar(255) not null, primary key (id)) engine=InnoDB
2023-12-07 23:00:21,814 DEBUG org.hibernate.engine.jdbc.spi.SqlStatementLogger [restartedMain] create table estantes (bodega_id integer, cantidad_ropa integer, id integer not null auto_increment, numero_estante integer not null, tamaño_estante varchar(255), tipo_vestimenta enum ('CASUAL','DEPORTIVA','FORMAL','SEMIFORMAL'), primary key (id)) engine=InnoDB
2023-12-07 23:00:21,959 DEBUG org.hibernate.engine.jdbc.spi.SqlStatementLogger [restartedMain] create table productos (id integer not null auto_increment, fecha_de_llegada datetime(6) not null, numero_articulo varchar(10) not null, nombre varchar(60) not null, nombre_marca varchar(60) not null, calle varchar(255), codigo_postal varchar(255), nombre_de_fabrica varchar(255), numero varchar(255), primary key (id)) engine=InnoDB
2023-12-07 23:00:22,103 DEBUG org.hibernate.engine.jdbc.spi.SqlStatementLogger [restartedMain] create table ropas (almacen_id integer, precio decimal(38,2), producto_id integer not null, calidad varchar(255), colordetinte varchar(255), material varchar(255), ropa varchar(255), tipo_ropa enum ('PRENDA_HOMBRE','PRENDA_MUJER'), tipo_vestimenta enum ('CASUAL','DEPORTIVA','FORMAL','SEMIFORMAL'), estante varbinary(255), primary key (producto_id)) engine=InnoDB
2023-12-07 23:00:22,293 DEBUG org.hibernate.engine.jdbc.spi.SqlStatementLogger [restartedMain] alter table almacenes add constraint UK_sj757y2oy0tc05d3kxiquohk2 unique (numero_del_estante)
2023-12-07 23:00:22,479 DEBUG org.hibernate.engine.jdbc.spi.SqlStatementLogger [restartedMain] alter table productos add constraint UK_5f2vwu3i1qftk3qv24c0nbsd4 unique (numero_articulo)
2023-12-07 23:00:22,574 DEBUG org.hibernate.engine.jdbc.spi.SqlStatementLogger [restartedMain] alter table ropas add constraint UK_kkxodv3y2a31we1pyr97rpx8u unique (almacen_id)
2023-12-07 23:00:22,748 DEBUG org.hibernate.engine.jdbc.spi.SqlStatementLogger [restartedMain] alter table estantes add constraint FK_BODEGA_ID foreign key (bodega_id) references almacenes (id)
2023-12-07 23:00:23,041 DEBUG org.hibernate.engine.jdbc.spi.SqlStatementLogger [restartedMain] alter table ropas add constraint FX_ALMACEN_ID foreign key (almacen_id) references almacenes (id)
2023-12-07 23:00:23,361 DEBUG org.hibernate.engine.jdbc.spi.SqlStatementLogger [restartedMain] alter table ropas add constraint FK1fclji77u1e5ggrs4b1s8oea6 foreign key (producto_id) references productos (id)
2023-12-07 23:00:23,772 DEBUG org.hibernate.engine.jdbc.spi.SqlStatementLogger [restartedMain] INSERT INTO productos(nombre, nombre_marca, numero_articulo, fecha_de_llegada)VALUES('aadasda', 'Adidas', '21', '2018-03-01')
2023-12-07 23:00:23,931 INFO org.springframework.orm.jpa.AbstractEntityManagerFactoryBean [restartedMain] Initialized JPA EntityManagerFactory for persistence unit 'default'
2023-12-07 23:00:25,173 INFO org.springframework.data.jpa.repository.query.QueryEnhancerFactory [restartedMain] Hibernate is in classpath; If applicable, HQL parser will be used.
2023-12-07 23:00:27,267 WARN org.springframework.boot.autoconfigure.orm.jpa.JpaBaseConfiguration$JpaWebConfiguration [restartedMain] spring.jpa.open-in-view is enabled by default. Therefore, database queries may be performed during view rendering. Explicitly configure spring.jpa.open-in-view to disable this warning
2023-12-07 23:00:28,998 INFO org.springframework.boot.devtools.autoconfigure.OptionalLiveReloadServer [restartedMain] LiveReload server is running on port 35729
2023-12-07 23:00:29,385 WARN org.springframework.boot.autoconfigure.thymeleaf.ThymeleafAutoConfiguration$DefaultTemplateResolverConfiguration [restartedMain] Cannot find template location: classpath:/templates/ (please add some templates, check your Thymeleaf configuration, or set spring.thymeleaf.check-template-location=false)
2023-12-07 23:00:29,653 INFO org.apache.juli.logging.DirectJDKLog [restartedMain] Starting ProtocolHandler ["http-nio-9082"]
2023-12-07 23:00:29,702 INFO org.springframework.boot.web.embedded.tomcat.TomcatWebServer [restartedMain] Tomcat started on port(s): 9082 (http) with context path '/api/v2/db_ventas'
2023-12-07 23:00:29,822 INFO org.springframework.boot.StartupInfoLogger [restartedMain] Started VentasDeCualquierTipoApplication in 24.016 seconds (process running for 26.136)
2023-12-07 23:05:46,522 INFO org.apache.juli.logging.DirectJDKLog [http-nio-9082-exec-1] Initializing Spring DispatcherServlet 'dispatcherServlet'
2023-12-07 23:05:46,523 INFO org.springframework.web.servlet.FrameworkServlet [http-nio-9082-exec-1] Initializing Servlet 'dispatcherServlet'
2023-12-07 23:05:46,528 INFO org.springframework.web.servlet.FrameworkServlet [http-nio-9082-exec-1] Completed initialization in 4 ms
