2023-11-26 11:06:55,077 INFO org.apache.juli.logging.DirectJDKLog [http-nio-9082-exec-2] Initializing Spring DispatcherServlet 'dispatcherServlet'
2023-11-26 11:06:55,079 INFO org.springframework.web.servlet.FrameworkServlet [http-nio-9082-exec-2] Initializing Servlet 'dispatcherServlet'
2023-11-26 11:06:55,080 INFO org.springframework.web.servlet.FrameworkServlet [http-nio-9082-exec-2] Completed initialization in 1 ms
2023-11-26 11:27:06,608 INFO org.springframework.orm.jpa.AbstractEntityManagerFactoryBean [SpringApplicationShutdownHook] Closing JPA EntityManagerFactory for persistence unit 'default'
2023-11-26 11:27:06,611 INFO com.zaxxer.hikari.HikariDataSource [SpringApplicationShutdownHook] HikariPool-1 - Shutdown initiated...
2023-11-26 11:27:06,620 INFO com.zaxxer.hikari.HikariDataSource [SpringApplicationShutdownHook] HikariPool-1 - Shutdown completed.
2023-11-26 11:33:09,431 INFO org.hibernate.validator.internal.util.Version [background-preinit] HV000001: Hibernate Validator 8.0.1.Final
2023-11-26 11:33:09,476 INFO org.springframework.boot.StartupInfoLogger [restartedMain] Starting VentasDeCualquierTipoApplication using Java 17.0.7 with PID 14824 (C:\Users\M_MAQUETACION_WEB\Desktop\ventas-de-cualquier-tipo\target\classes started by M_MAQUETACION_WEB in C:\Users\M_MAQUETACION_WEB\Desktop\ventas-de-cualquier-tipo)
2023-11-26 11:33:09,478 INFO org.springframework.boot.SpringApplication [restartedMain] No active profile set, falling back to 1 default profile: "default"
2023-11-26 11:33:09,527 INFO org.springframework.boot.logging.DeferredLog [restartedMain] Devtools property defaults active! Set 'spring.devtools.add-properties' to 'false' to disable
2023-11-26 11:33:09,528 INFO org.springframework.boot.logging.DeferredLog [restartedMain] For additional web related logging consider setting the 'logging.level.web' property to 'DEBUG'
2023-11-26 11:33:10,195 INFO org.springframework.data.repository.config.RepositoryConfigurationDelegate [restartedMain] Bootstrapping Spring Data JPA repositories in DEFAULT mode.
2023-11-26 11:33:10,225 INFO org.springframework.data.repository.config.RepositoryConfigurationDelegate [restartedMain] Finished Spring Data repository scanning in 16 ms. Found 0 JPA repository interfaces.
2023-11-26 11:33:10,924 INFO org.springframework.boot.web.embedded.tomcat.TomcatWebServer [restartedMain] Tomcat initialized with port(s): 9082 (http)
2023-11-26 11:33:10,933 INFO org.apache.juli.logging.DirectJDKLog [restartedMain] Initializing ProtocolHandler ["http-nio-9082"]
2023-11-26 11:33:10,936 INFO org.apache.juli.logging.DirectJDKLog [restartedMain] Starting service [Tomcat]
2023-11-26 11:33:10,936 INFO org.apache.juli.logging.DirectJDKLog [restartedMain] Starting Servlet engine: [Apache Tomcat/10.1.13]
2023-11-26 11:33:11,011 INFO org.apache.juli.logging.DirectJDKLog [restartedMain] Initializing Spring embedded WebApplicationContext
2023-11-26 11:33:11,013 INFO org.springframework.boot.web.servlet.context.ServletWebServerApplicationContext [restartedMain] Root WebApplicationContext: initialization completed in 1484 ms
2023-11-26 11:33:11,177 INFO org.hibernate.jpa.internal.util.LogHelper [restartedMain] HHH000204: Processing PersistenceUnitInfo [name: default]
2023-11-26 11:33:11,234 INFO org.hibernate.Version [restartedMain] HHH000412: Hibernate ORM core version 6.2.9.Final
2023-11-26 11:33:11,237 INFO org.hibernate.cfg.Environment [restartedMain] HHH000406: Using bytecode reflection optimizer
2023-11-26 11:33:11,400 INFO org.hibernate.bytecode.internal.BytecodeProviderInitiator [restartedMain] HHH000021: Bytecode provider name : bytebuddy
2023-11-26 11:33:11,530 INFO org.springframework.orm.jpa.persistenceunit.SpringPersistenceUnitInfo [restartedMain] No LoadTimeWeaver setup: ignoring JPA class transformer
2023-11-26 11:33:11,548 INFO com.zaxxer.hikari.HikariDataSource [restartedMain] HikariPool-1 - Starting...
2023-11-26 11:33:11,703 INFO com.zaxxer.hikari.pool.HikariPool [restartedMain] HikariPool-1 - Added connection com.mysql.cj.jdbc.ConnectionImpl@465db9e6
2023-11-26 11:33:11,705 INFO com.zaxxer.hikari.HikariDataSource [restartedMain] HikariPool-1 - Start completed.
2023-11-26 11:33:11,862 INFO org.hibernate.bytecode.internal.BytecodeProviderInitiator [restartedMain] HHH000021: Bytecode provider name : bytebuddy
2023-11-26 11:33:12,114 INFO org.hibernate.engine.transaction.jta.platform.internal.JtaPlatformInitiator [restartedMain] HHH000490: Using JtaPlatform implementation: [org.hibernate.engine.transaction.jta.platform.internal.NoJtaPlatform]
2023-11-26 11:33:12,119 INFO org.springframework.orm.jpa.AbstractEntityManagerFactoryBean [restartedMain] Initialized JPA EntityManagerFactory for persistence unit 'default'
2023-11-26 11:33:12,171 WARN org.springframework.boot.autoconfigure.orm.jpa.JpaBaseConfiguration$JpaWebConfiguration [restartedMain] spring.jpa.open-in-view is enabled by default. Therefore, database queries may be performed during view rendering. Explicitly configure spring.jpa.open-in-view to disable this warning
2023-11-26 11:33:12,450 WARN org.springframework.boot.autoconfigure.thymeleaf.ThymeleafAutoConfiguration$DefaultTemplateResolverConfiguration [restartedMain] Cannot find template location: classpath:/templates/ (please add some templates, check your Thymeleaf configuration, or set spring.thymeleaf.check-template-location=false)
2023-11-26 11:33:12,550 INFO org.springframework.boot.devtools.autoconfigure.OptionalLiveReloadServer [restartedMain] LiveReload server is running on port 35729
2023-11-26 11:33:12,560 INFO org.apache.juli.logging.DirectJDKLog [restartedMain] Starting ProtocolHandler ["http-nio-9082"]
2023-11-26 11:33:12,581 INFO org.springframework.boot.web.embedded.tomcat.TomcatWebServer [restartedMain] Tomcat started on port(s): 9082 (http) with context path '/api/v2/db_ventas'
2023-11-26 11:33:12,591 INFO org.springframework.boot.StartupInfoLogger [restartedMain] Started VentasDeCualquierTipoApplication in 3.505 seconds (process running for 4.178)
2023-11-26 11:33:19,252 INFO org.apache.juli.logging.DirectJDKLog [http-nio-9082-exec-1] Initializing Spring DispatcherServlet 'dispatcherServlet'
2023-11-26 11:33:19,253 INFO org.springframework.web.servlet.FrameworkServlet [http-nio-9082-exec-1] Initializing Servlet 'dispatcherServlet'
2023-11-26 11:33:19,254 INFO org.springframework.web.servlet.FrameworkServlet [http-nio-9082-exec-1] Completed initialization in 1 ms
