2023-12-22 21:07:05,587 INFO o.h.v.i.u.Version [background-preinit] HV000001: Hibernate Validator 8.0.1.Final
2023-12-22 21:07:05,736 INFO o.s.b.StartupInfoLogger [restartedMain] Starting VentasDeCualquierTipoApplication using Java 17.0.7 with PID 16164 (C:\Users\aermb\OneDrive\Escritorio\DOMINGOS SPRING-BOOT\ventas-de-cualquier-tipo\target\classes started by aermb in C:\Users\aermb\OneDrive\Escritorio\DOMINGOS SPRING-BOOT\ventas-de-cualquier-tipo)
2023-12-22 21:07:05,741 INFO o.s.b.SpringApplication [restartedMain] No active profile set, falling back to 1 default profile: "default"
2023-12-22 21:07:05,953 INFO o.s.b.l.DeferredLog [restartedMain] Devtools property defaults active! Set 'spring.devtools.add-properties' to 'false' to disable
2023-12-22 21:07:05,971 INFO o.s.b.l.DeferredLog [restartedMain] For additional web related logging consider setting the 'logging.level.web' property to 'DEBUG'
2023-12-22 21:07:09,351 INFO o.s.d.r.c.RepositoryConfigurationDelegate [restartedMain] Bootstrapping Spring Data JPA repositories in DEFAULT mode.
2023-12-22 21:07:09,574 INFO o.s.d.r.c.RepositoryConfigurationDelegate [restartedMain] Finished Spring Data repository scanning in 192 ms. Found 3 JPA repository interfaces.
2023-12-22 21:07:11,552 INFO o.s.b.w.e.t.TomcatWebServer [restartedMain] Tomcat initialized with port(s): 9082 (http)
2023-12-22 21:07:11,569 INFO o.a.j.l.DirectJDKLog [restartedMain] Initializing ProtocolHandler ["http-nio-9082"]
2023-12-22 21:07:11,576 INFO o.a.j.l.DirectJDKLog [restartedMain] Starting service [Tomcat]
2023-12-22 21:07:11,577 INFO o.a.j.l.DirectJDKLog [restartedMain] Starting Servlet engine: [Apache Tomcat/10.1.13]
2023-12-22 21:07:11,793 INFO o.a.j.l.DirectJDKLog [restartedMain] Initializing Spring embedded WebApplicationContext
2023-12-22 21:07:11,798 INFO o.s.b.w.s.c.ServletWebServerApplicationContext [restartedMain] Root WebApplicationContext: initialization completed in 5821 ms
2023-12-22 21:07:12,277 INFO o.h.j.i.u.LogHelper [restartedMain] HHH000204: Processing PersistenceUnitInfo [name: default]
2023-12-22 21:07:12,487 INFO o.h.Version [restartedMain] HHH000412: Hibernate ORM core version 6.2.9.Final
2023-12-22 21:07:12,501 INFO o.h.c.Environment [restartedMain] HHH000406: Using bytecode reflection optimizer
2023-12-22 21:07:12,869 INFO o.h.b.i.BytecodeProviderInitiator [restartedMain] HHH000021: Bytecode provider name : bytebuddy
2023-12-22 21:07:13,225 INFO o.s.o.j.p.SpringPersistenceUnitInfo [restartedMain] No LoadTimeWeaver setup: ignoring JPA class transformer
2023-12-22 21:07:13,269 INFO c.z.h.HikariDataSource [restartedMain] HikariPool-1 - Starting...
2023-12-22 21:07:13,663 INFO c.z.h.p.HikariPool [restartedMain] HikariPool-1 - Added connection com.mysql.cj.jdbc.ConnectionImpl@31d4364e
2023-12-22 21:07:13,668 INFO c.z.h.HikariDataSource [restartedMain] HikariPool-1 - Start completed.
2023-12-22 21:07:14,604 INFO o.h.b.i.BytecodeProviderInitiator [restartedMain] HHH000021: Bytecode provider name : bytebuddy
2023-12-22 21:07:16,230 INFO o.h.m.i.EmbeddableInstantiatorPojoStandard [restartedMain] HHH000182: No default (no-argument) constructor for class: com.ventas.springboot.modelo.entidades.entity.Material (class must be instantiated by Interceptor)
2023-12-22 21:07:16,624 INFO o.h.e.t.j.p.i.JtaPlatformInitiator [restartedMain] HHH000490: Using JtaPlatform implementation: [org.hibernate.engine.transaction.jta.platform.internal.NoJtaPlatform]
2023-12-22 21:07:16,667 DEBUG o.h.e.j.s.SqlStatementLogger [restartedMain] alter table estantes drop foreign key FK_BODEGA_ID
2023-12-22 21:07:16,801 DEBUG o.h.e.j.s.SqlStatementLogger [restartedMain] alter table ropas drop foreign key FX_ALMACEN_ID
2023-12-22 21:07:16,844 DEBUG o.h.e.j.s.SqlStatementLogger [restartedMain] alter table ropas drop foreign key FK1fclji77u1e5ggrs4b1s8oea6
2023-12-22 21:07:16,889 DEBUG o.h.e.j.s.SqlStatementLogger [restartedMain] drop table if exists almacenes
2023-12-22 21:07:16,920 DEBUG o.h.e.j.s.SqlStatementLogger [restartedMain] drop table if exists estantes
2023-12-22 21:07:16,955 DEBUG o.h.e.j.s.SqlStatementLogger [restartedMain] drop table if exists productos
2023-12-22 21:07:16,989 DEBUG o.h.e.j.s.SqlStatementLogger [restartedMain] drop table if exists ropas
2023-12-22 21:07:17,116 DEBUG o.h.e.j.s.SqlStatementLogger [restartedMain] create table almacenes (bloque_de_estantes integer, id integer not null auto_increment, fecha_entrada datetime(6), fecha_salida datetime(6), numero_del_estante varchar(255) not null, primary key (id)) engine=InnoDB
2023-12-22 21:07:17,341 DEBUG o.h.e.j.s.SqlStatementLogger [restartedMain] create table estantes (bodega_id integer, cantidad_ropa integer, id integer not null auto_increment, numero_estante integer not null, tamaño_estante varchar(255), tipo_vestimenta enum ('CASUAL','DEPORTIVA','FORMAL','SEMIFORMAL'), primary key (id)) engine=InnoDB
2023-12-22 21:07:17,966 DEBUG o.h.e.j.s.SqlStatementLogger [restartedMain] create table productos (id integer not null auto_increment, fecha_de_llegada datetime(6) not null, numero_articulo varchar(10) not null, nombre varchar(60) not null, nombre_marca varchar(60) not null, calle varchar(255), codigo_postal varchar(255), nombre_de_fabrica varchar(255), numero varchar(255), primary key (id)) engine=InnoDB
2023-12-22 21:07:18,282 DEBUG o.h.e.j.s.SqlStatementLogger [restartedMain] create table ropas (almacen_id integer, precio decimal(38,2), producto_id integer not null, calidad varchar(255), colordetinte varchar(255), material varchar(255), ropa varchar(255), tipo_ropa enum ('PRENDA_HOMBRE','PRENDA_MUJER'), tipo_vestimenta enum ('CASUAL','DEPORTIVA','FORMAL','SEMIFORMAL'), estante varbinary(255), primary key (producto_id)) engine=InnoDB
2023-12-22 21:07:18,870 DEBUG o.h.e.j.s.SqlStatementLogger [restartedMain] alter table almacenes add constraint UK_sj757y2oy0tc05d3kxiquohk2 unique (numero_del_estante)
2023-12-22 21:07:19,051 DEBUG o.h.e.j.s.SqlStatementLogger [restartedMain] alter table productos add constraint UK_5f2vwu3i1qftk3qv24c0nbsd4 unique (numero_articulo)
2023-12-22 21:07:19,302 DEBUG o.h.e.j.s.SqlStatementLogger [restartedMain] alter table ropas add constraint UK_kkxodv3y2a31we1pyr97rpx8u unique (almacen_id)
2023-12-22 21:07:19,467 DEBUG o.h.e.j.s.SqlStatementLogger [restartedMain] alter table estantes add constraint FK_BODEGA_ID foreign key (bodega_id) references almacenes (id)
2023-12-22 21:07:20,017 DEBUG o.h.e.j.s.SqlStatementLogger [restartedMain] alter table ropas add constraint FX_ALMACEN_ID foreign key (almacen_id) references almacenes (id)
2023-12-22 21:07:20,360 DEBUG o.h.e.j.s.SqlStatementLogger [restartedMain] alter table ropas add constraint FK1fclji77u1e5ggrs4b1s8oea6 foreign key (producto_id) references productos (id)
2023-12-22 21:07:21,110 DEBUG o.h.e.j.s.SqlStatementLogger [restartedMain] INSERT INTO productos(nombre, nombre_marca, numero_articulo, fecha_de_llegada)VALUES('aadasda', 'Adidas', '21', '2018-03-01')
2023-12-22 21:07:21,147 INFO o.s.o.j.AbstractEntityManagerFactoryBean [restartedMain] Initialized JPA EntityManagerFactory for persistence unit 'default'
2023-12-22 21:07:21,935 INFO o.s.d.j.r.q.QueryEnhancerFactory [restartedMain] Hibernate is in classpath; If applicable, HQL parser will be used.
2023-12-22 21:07:23,737 WARN o.s.b.a.o.j.JpaBaseConfiguration$JpaWebConfiguration [restartedMain] spring.jpa.open-in-view is enabled by default. Therefore, database queries may be performed during view rendering. Explicitly configure spring.jpa.open-in-view to disable this warning
2023-12-22 21:07:24,312 INFO o.s.b.d.a.OptionalLiveReloadServer [restartedMain] LiveReload server is running on port 35729
2023-12-22 21:07:24,589 WARN o.s.b.a.t.ThymeleafAutoConfiguration$DefaultTemplateResolverConfiguration [restartedMain] Cannot find template location: classpath:/templates/ (please add some templates, check your Thymeleaf configuration, or set spring.thymeleaf.check-template-location=false)
2023-12-22 21:07:24,843 INFO o.a.j.l.DirectJDKLog [restartedMain] Starting ProtocolHandler ["http-nio-9082"]
2023-12-22 21:07:24,887 INFO o.s.b.w.e.t.TomcatWebServer [restartedMain] Tomcat started on port(s): 9082 (http) with context path '/api/v2/ventas_de_cualquier_tipo'
2023-12-22 21:07:25,392 INFO o.s.b.StartupInfoLogger [restartedMain] Started VentasDeCualquierTipoApplication in 21.129 seconds (process running for 23.079)
