2023-12-22 21:22:31,429 INFO o.a.j.l.DirectJDKLog [http-nio-9082-exec-1] Initializing Spring DispatcherServlet 'dispatcherServlet'
2023-12-22 21:22:31,466 INFO o.s.w.s.FrameworkServlet [http-nio-9082-exec-1] Initializing Servlet 'dispatcherServlet'
2023-12-22 21:22:31,471 INFO o.s.w.s.FrameworkServlet [http-nio-9082-exec-1] Completed initialization in 2 ms
2023-12-22 21:25:01,909 INFO o.s.o.j.AbstractEntityManagerFactoryBean [SpringApplicationShutdownHook] Closing JPA EntityManagerFactory for persistence unit 'default'
2023-12-22 21:25:01,925 INFO c.z.h.HikariDataSource [SpringApplicationShutdownHook] HikariPool-1 - Shutdown initiated...
2023-12-22 21:25:01,987 INFO c.z.h.HikariDataSource [SpringApplicationShutdownHook] HikariPool-1 - Shutdown completed.
2023-12-22 21:28:52,475 INFO o.h.v.i.u.Version [background-preinit] HV000001: Hibernate Validator 8.0.1.Final
2023-12-22 21:28:52,682 INFO o.s.b.StartupInfoLogger [restartedMain] Starting VentasDeCualquierTipoApplication using Java 17.0.7 with PID 7916 (C:\Users\aermb\OneDrive\Escritorio\DOMINGOS SPRING-BOOT\ventas-de-cualquier-tipo\target\classes started by aermb in C:\Users\aermb\OneDrive\Escritorio\DOMINGOS SPRING-BOOT\ventas-de-cualquier-tipo)
2023-12-22 21:28:52,685 INFO o.s.b.SpringApplication [restartedMain] No active profile set, falling back to 1 default profile: "default"
2023-12-22 21:28:53,179 INFO o.s.b.l.DeferredLog [restartedMain] Devtools property defaults active! Set 'spring.devtools.add-properties' to 'false' to disable
2023-12-22 21:28:53,183 INFO o.s.b.l.DeferredLog [restartedMain] For additional web related logging consider setting the 'logging.level.web' property to 'DEBUG'
2023-12-22 21:28:59,363 INFO o.s.d.r.c.RepositoryConfigurationDelegate [restartedMain] Bootstrapping Spring Data JPA repositories in DEFAULT mode.
2023-12-22 21:28:59,633 INFO o.s.d.r.c.RepositoryConfigurationDelegate [restartedMain] Finished Spring Data repository scanning in 247 ms. Found 3 JPA repository interfaces.
2023-12-22 21:29:03,919 INFO o.s.b.w.e.t.TomcatWebServer [restartedMain] Tomcat initialized with port(s): 9082 (http)
2023-12-22 21:29:04,022 INFO o.a.j.l.DirectJDKLog [restartedMain] Initializing ProtocolHandler ["http-nio-9082"]
2023-12-22 21:29:04,027 INFO o.a.j.l.DirectJDKLog [restartedMain] Starting service [Tomcat]
2023-12-22 21:29:04,028 INFO o.a.j.l.DirectJDKLog [restartedMain] Starting Servlet engine: [Apache Tomcat/10.1.13]
2023-12-22 21:29:04,248 INFO o.a.j.l.DirectJDKLog [restartedMain] Initializing Spring embedded WebApplicationContext
2023-12-22 21:29:04,253 INFO o.s.b.w.s.c.ServletWebServerApplicationContext [restartedMain] Root WebApplicationContext: initialization completed in 11065 ms
2023-12-22 21:29:04,691 INFO o.h.j.i.u.LogHelper [restartedMain] HHH000204: Processing PersistenceUnitInfo [name: default]
2023-12-22 21:29:04,892 INFO o.h.Version [restartedMain] HHH000412: Hibernate ORM core version 6.2.9.Final
2023-12-22 21:29:04,920 INFO o.h.c.Environment [restartedMain] HHH000406: Using bytecode reflection optimizer
2023-12-22 21:29:05,313 INFO o.h.b.i.BytecodeProviderInitiator [restartedMain] HHH000021: Bytecode provider name : bytebuddy
2023-12-22 21:29:05,638 INFO o.s.o.j.p.SpringPersistenceUnitInfo [restartedMain] No LoadTimeWeaver setup: ignoring JPA class transformer
2023-12-22 21:29:05,681 INFO c.z.h.HikariDataSource [restartedMain] HikariPool-1 - Starting...
2023-12-22 21:29:06,061 INFO c.z.h.p.HikariPool [restartedMain] HikariPool-1 - Added connection com.mysql.cj.jdbc.ConnectionImpl@316051ed
2023-12-22 21:29:06,066 INFO c.z.h.HikariDataSource [restartedMain] HikariPool-1 - Start completed.
2023-12-22 21:29:07,138 INFO o.h.b.i.BytecodeProviderInitiator [restartedMain] HHH000021: Bytecode provider name : bytebuddy
2023-12-22 21:29:08,795 INFO o.h.m.i.EmbeddableInstantiatorPojoStandard [restartedMain] HHH000182: No default (no-argument) constructor for class: com.ventas.springboot.modelo.entidades.entity.Material (class must be instantiated by Interceptor)
2023-12-22 21:29:09,324 INFO o.h.e.t.j.p.i.JtaPlatformInitiator [restartedMain] HHH000490: Using JtaPlatform implementation: [org.hibernate.engine.transaction.jta.platform.internal.NoJtaPlatform]
2023-12-22 21:29:09,365 DEBUG o.h.e.j.s.SqlStatementLogger [restartedMain] alter table estantes drop foreign key FK_BODEGA_ID
2023-12-22 21:29:10,141 DEBUG o.h.e.j.s.SqlStatementLogger [restartedMain] alter table ropas drop foreign key FX_ALMACEN_ID
2023-12-22 21:29:10,647 DEBUG o.h.e.j.s.SqlStatementLogger [restartedMain] alter table ropas drop foreign key FK1fclji77u1e5ggrs4b1s8oea6
2023-12-22 21:29:10,682 DEBUG o.h.e.j.s.SqlStatementLogger [restartedMain] drop table if exists almacenes
2023-12-22 21:29:10,715 DEBUG o.h.e.j.s.SqlStatementLogger [restartedMain] drop table if exists estantes
2023-12-22 21:29:10,747 DEBUG o.h.e.j.s.SqlStatementLogger [restartedMain] drop table if exists productos
2023-12-22 21:29:10,784 DEBUG o.h.e.j.s.SqlStatementLogger [restartedMain] drop table if exists ropas
2023-12-22 21:29:10,915 DEBUG o.h.e.j.s.SqlStatementLogger [restartedMain] create table almacenes (bloque_de_estantes integer, id integer not null auto_increment, fecha_entrada datetime(6), fecha_salida datetime(6), numero_del_estante varchar(255) not null, primary key (id)) engine=InnoDB
2023-12-22 21:29:11,034 DEBUG o.h.e.j.s.SqlStatementLogger [restartedMain] create table estantes (bodega_id integer, cantidad_ropa integer, id integer not null auto_increment, numero_estante integer not null, tamaño_estante varchar(255), tipo_vestimenta enum ('CASUAL','DEPORTIVA','FORMAL','SEMIFORMAL'), primary key (id)) engine=InnoDB
2023-12-22 21:29:11,166 DEBUG o.h.e.j.s.SqlStatementLogger [restartedMain] create table productos (id integer not null auto_increment, fecha_de_llegada datetime(6) not null, numero_articulo varchar(10) not null, nombre varchar(60) not null, nombre_marca varchar(60) not null, calle varchar(255), codigo_postal varchar(255), nombre_de_fabrica varchar(255), numero varchar(255), primary key (id)) engine=InnoDB
2023-12-22 21:29:11,335 DEBUG o.h.e.j.s.SqlStatementLogger [restartedMain] create table ropas (almacen_id integer, precio decimal(38,2), producto_id integer not null, calidad varchar(255), colordetinte varchar(255), material varchar(255), ropa varchar(255), tipo_ropa enum ('PRENDA_HOMBRE','PRENDA_MUJER'), tipo_vestimenta enum ('CASUAL','DEPORTIVA','FORMAL','SEMIFORMAL'), estante varbinary(255), primary key (producto_id)) engine=InnoDB
2023-12-22 21:29:11,465 DEBUG o.h.e.j.s.SqlStatementLogger [restartedMain] alter table almacenes add constraint UK_sj757y2oy0tc05d3kxiquohk2 unique (numero_del_estante)
2023-12-22 21:29:11,533 DEBUG o.h.e.j.s.SqlStatementLogger [restartedMain] alter table productos add constraint UK_5f2vwu3i1qftk3qv24c0nbsd4 unique (numero_articulo)
2023-12-22 21:29:11,609 DEBUG o.h.e.j.s.SqlStatementLogger [restartedMain] alter table ropas add constraint UK_kkxodv3y2a31we1pyr97rpx8u unique (almacen_id)
2023-12-22 21:29:11,703 DEBUG o.h.e.j.s.SqlStatementLogger [restartedMain] alter table estantes add constraint FK_BODEGA_ID foreign key (bodega_id) references almacenes (id)
2023-12-22 21:29:11,995 DEBUG o.h.e.j.s.SqlStatementLogger [restartedMain] alter table ropas add constraint FX_ALMACEN_ID foreign key (almacen_id) references almacenes (id)
2023-12-22 21:29:12,348 DEBUG o.h.e.j.s.SqlStatementLogger [restartedMain] alter table ropas add constraint FK1fclji77u1e5ggrs4b1s8oea6 foreign key (producto_id) references productos (id)
2023-12-22 21:29:12,589 DEBUG o.h.e.j.s.SqlStatementLogger [restartedMain] INSERT INTO productos(nombre, nombre_marca, numero_articulo, fecha_de_llegada)VALUES('aadasda', 'Adidas', '21', '2018-03-01')
2023-12-22 21:29:12,620 INFO o.s.o.j.AbstractEntityManagerFactoryBean [restartedMain] Initialized JPA EntityManagerFactory for persistence unit 'default'
2023-12-22 21:29:13,335 INFO o.s.d.j.r.q.QueryEnhancerFactory [restartedMain] Hibernate is in classpath; If applicable, HQL parser will be used.
